<?xml version="1.0" encoding="UTF-8"?>
<testng-results ignored="0" total="1" passed="1" failed="0" skipped="0">
  <reporter-output>
  </reporter-output>
  <suite started-at="2023-09-02T16:57:46 IST" name="Default suite" finished-at="2023-09-02T16:57:48 IST" duration-ms="2040">
    <groups>
    </groups>
    <test started-at="2023-09-02T16:57:46 IST" name="Default test" finished-at="2023-09-02T16:57:48 IST" duration-ms="2040">
      <class name="com.restapibasis.framework.api.testcase.TestCreateCustomerApi">
        <test-method signature="validateCreateCustomerAPIWithValidData()[pri:0, instance:com.restapibasis.framework.api.testcase.TestCreateCustomerApi@3d74bf60]" started-at="2023-09-02T16:57:46 IST" name="validateCreateCustomerAPIWithValidData" finished-at="2023-09-02T16:57:48 IST" duration-ms="2008" status="PASS">
          <reporter-output>
          </reporter-output>
        </test-method> <!-- validateCreateCustomerAPIWithValidData -->
      </class> <!-- com.restapibasis.framework.api.testcase.TestCreateCustomerApi -->
    </test> <!-- Default test -->
  </suite> <!-- Default suite -->
</testng-results>
